<?xml version="1.0" encoding="UTF-8"?>
<!-- Generated by org.testng.reporters.JUnitXMLReporter -->
<testsuite ignored="0" hostname="DESKTOP-28161K9" failures="3" tests="6" name="Test" time="0.211" errors="0" timestamp="2024-04-27T15:15:42 IST">
  <testcase classname="testpack.ParameterTest" name="dayaProviderImplement" time="0.012"/>
  <testcase classname="testpack.ParameterTest" name="dayaProviderImplement" time="0.006"/>
  <testcase classname="testpack.ParameterTest" name="dayaProviderImplement" time="0.003"/>
  <testcase classname="testpack.ParameterTest" name="parameterTest" time="0.0">
    <failure type="org.testng.TestNGException" message="
Parameter &amp;apos;urls&amp;apos; is required by @Test on method parameterTest but has not been marked @Optional or defined
in D:\Selenium_Framework\testngPractice\TestXML\listners.xml">
      <![CDATA[org.testng.TestNGException: 
Parameter 'urls' is required by @Test on method parameterTest but has not been marked @Optional or defined
in D:\Selenium_Framework\testngPractice\TestXML\listners.xml
at java.base/java.util.ArrayList.forEach(ArrayList.java:1511)
at java.base/java.util.concurrent.FutureTask.run(FutureTask.java:264)
at java.base/java.util.concurrent.ThreadPoolExecutor.runWorker(ThreadPoolExecutor.java:1136)
at java.base/java.util.concurrent.ThreadPoolExecutor$Worker.run(ThreadPoolExecutor.java:635)
at java.base/java.lang.Thread.run(Thread.java:833)
... Removed 16 stack frames]]>
    </failure>
  </testcase> <!-- parameterTest -->
  <testcase classname="testpack.ParameterTest2" name="parameterTest2" time="0.0">
    <failure type="org.testng.TestNGException" message="
Parameter &amp;apos;url&amp;apos; is required by @Test on method parameterTest2 but has not been marked @Optional or defined
in D:\Selenium_Framework\testngPractice\TestXML\listners.xml">
      <![CDATA[org.testng.TestNGException: 
Parameter 'url' is required by @Test on method parameterTest2 but has not been marked @Optional or defined
in D:\Selenium_Framework\testngPractice\TestXML\listners.xml
at java.base/java.util.ArrayList.forEach(ArrayList.java:1511)
at java.base/java.util.concurrent.FutureTask.run(FutureTask.java:264)
at java.base/java.util.concurrent.ThreadPoolExecutor.runWorker(ThreadPoolExecutor.java:1136)
at java.base/java.util.concurrent.ThreadPoolExecutor$Worker.run(ThreadPoolExecutor.java:635)
at java.base/java.lang.Thread.run(Thread.java:833)
... Removed 16 stack frames]]>
    </failure>
  </testcase> <!-- parameterTest2 -->
  <testcase classname="testpack.ParameterTest3" name="parameterTest" time="0.0">
    <failure type="org.testng.TestNGException" message="
Parameter &amp;apos;url&amp;apos; is required by @Test on method parameterTest but has not been marked @Optional or defined
in D:\Selenium_Framework\testngPractice\TestXML\listners.xml">
      <![CDATA[org.testng.TestNGException: 
Parameter 'url' is required by @Test on method parameterTest but has not been marked @Optional or defined
in D:\Selenium_Framework\testngPractice\TestXML\listners.xml
at java.base/java.util.ArrayList.forEach(ArrayList.java:1511)
at java.base/java.util.concurrent.FutureTask.run(FutureTask.java:264)
at java.base/java.util.concurrent.ThreadPoolExecutor.runWorker(ThreadPoolExecutor.java:1136)
at java.base/java.util.concurrent.ThreadPoolExecutor$Worker.run(ThreadPoolExecutor.java:635)
at java.base/java.lang.Thread.run(Thread.java:833)
... Removed 16 stack frames]]>
    </failure>
  </testcase> <!-- parameterTest -->
</testsuite> <!-- Test -->
